[2022-01-16T15:45:04.093Z, PID: 7608] [aspnetcorev2.dll] Initializing logs for 'C:\Program Files\IIS Express\Asp.Net Core Module\V2\aspnetcorev2.dll'. Process Id: 7608. File Version: 16.0.21322.1. Description: IIS ASP.NET Core Module V2. Commit: 4e7d976438b0fc17f435804e801d5d68d193ec33.
[2022-01-16T15:45:04.153Z, PID: 7608] [aspnetcorev2.dll] Resolving hostfxr parameters for application: 'C:\Git\web-api-onion-architecture\Onion.Architecture\OA.UI\bin\Debug\net5.0\OA.UI.exe' arguments: '' path: 'C:\Git\web-api-onion-architecture\Onion.Architecture\OA.UI\'
[2022-01-16T15:45:04.156Z, PID: 7608] [aspnetcorev2.dll] Known dotnet.exe location: ''
[2022-01-16T15:45:04.158Z, PID: 7608] [aspnetcorev2.dll] Process path 'C:\Git\web-api-onion-architecture\Onion.Architecture\OA.UI\bin\Debug\net5.0\OA.UI.exe' is not dotnet, treating application as standalone or portable with bootstrapper
[2022-01-16T15:45:04.161Z, PID: 7608] [aspnetcorev2.dll] Checking application.dll at 'C:\Git\web-api-onion-architecture\Onion.Architecture\OA.UI\bin\Debug\net5.0\OA.UI.dll'
[2022-01-16T15:45:04.163Z, PID: 7608] [aspnetcorev2.dll] Checking hostfxr.dll at 'C:\Git\web-api-onion-architecture\Onion.Architecture\OA.UI\bin\Debug\net5.0\hostfxr.dll'
[2022-01-16T15:45:04.165Z, PID: 7608] [aspnetcorev2.dll] hostfxr.dll not found at 'C:\Git\web-api-onion-architecture\Onion.Architecture\OA.UI\bin\Debug\net5.0\hostfxr.dll', treating application as portable with launcher
[2022-01-16T15:45:04.171Z, PID: 7608] [aspnetcorev2.dll] Resolving absolute path to dotnet.exe from 'dotnet'
[2022-01-16T15:45:04.172Z, PID: 7608] [aspnetcorev2.dll] Invoking where.exe to find dotnet.exe
[2022-01-16T15:45:04.949Z, PID: 7608] [aspnetcorev2.dll] where.exe invocation returned: 'C:\Program Files\dotnet\dotnet.exe
'
[2022-01-16T15:45:04.951Z, PID: 7608] [aspnetcorev2.dll] Current process bitness type detected as isX64=1
[2022-01-16T15:45:04.953Z, PID: 7608] [aspnetcorev2.dll] Processing entry 'C:\Program Files\dotnet\dotnet.exe'
[2022-01-16T15:45:04.954Z, PID: 7608] [aspnetcorev2.dll] Binary type 6
[2022-01-16T15:45:04.956Z, PID: 7608] [aspnetcorev2.dll] Found dotnet.exe via where.exe invocation at 'C:\Program Files\dotnet\dotnet.exe'
[2022-01-16T15:45:04.957Z, PID: 7608] [aspnetcorev2.dll] Resolving absolute path to hostfxr.dll from 'C:\Program Files\dotnet\dotnet.exe'
[2022-01-16T15:45:04.959Z, PID: 7608] [aspnetcorev2.dll] hostfxr.dll located at 'C:\Program Files\dotnet\host\fxr\5.0.13\hostfxr.dll'
[2022-01-16T15:45:04.960Z, PID: 7608] [aspnetcorev2.dll] Parsed hostfxr options: dotnet location: 'C:\Program Files\dotnet\dotnet.exe' hostfxr path: 'C:\Program Files\dotnet\host\fxr\5.0.13\hostfxr.dll' arguments:
[2022-01-16T15:45:04.961Z, PID: 7608] [aspnetcorev2.dll] Argument[0] = 'C:\Program Files\dotnet\dotnet.exe'
[2022-01-16T15:45:04.962Z, PID: 7608] [aspnetcorev2.dll] Argument[1] = 'C:\Git\web-api-onion-architecture\Onion.Architecture\OA.UI\bin\Debug\net5.0\OA.UI.dll'
[2022-01-16T15:45:04.964Z, PID: 7608] [aspnetcorev2.dll] Loading hostfxr from location C:\Program Files\dotnet\host\fxr\5.0.13\hostfxr.dll
[2022-01-16T15:45:05.112Z, PID: 7608] [aspnetcorev2.dll] Canceling standard stream pipe reader
[2022-01-16T15:45:05.120Z, PID: 7608] [aspnetcorev2.dll] Loading request handler:  'C:\Program Files\dotnet\shared\Microsoft.AspNetCore.App\5.0.13\aspnetcorev2_inprocess.dll'
[2022-01-16T15:45:05.135Z, PID: 7608] [aspnetcorev2.dll] Creating handler application
[aspnetcorev2_inprocess.dll] Initializing logs for 'C:\Program Files\dotnet\shared\Microsoft.AspNetCore.App\5.0.13\aspnetcorev2_inprocess.dll'. Process Id: 7608.. File Version: 15.0.21326.13. Description: IIS ASP.NET Core Module V2 Request Handler. Commit: 55738ff96b832439076e25584cfe0eb3bace9b01.
[aspnetcorev2_inprocess.dll] Waiting for initialization
[aspnetcorev2_inprocess.dll] Starting in-process worker thread
[aspnetcorev2_inprocess.dll] Resolving hostfxr parameters for application: 'C:\Git\web-api-onion-architecture\Onion.Architecture\OA.UI\bin\Debug\net5.0\OA.UI.exe' arguments: '' path: 'C:\Git\web-api-onion-architecture\Onion.Architecture\OA.UI\'
[aspnetcorev2_inprocess.dll] Known dotnet.exe location: 'C:\Program Files\dotnet\dotnet.exe'
[aspnetcorev2_inprocess.dll] Process path 'C:\Git\web-api-onion-architecture\Onion.Architecture\OA.UI\bin\Debug\net5.0\OA.UI.exe' is not dotnet, treating application as standalone or portable with bootstrapper
[aspnetcorev2_inprocess.dll] Checking application.dll at 'C:\Git\web-api-onion-architecture\Onion.Architecture\OA.UI\bin\Debug\net5.0\OA.UI.dll'
[aspnetcorev2_inprocess.dll] Checking hostfxr.dll at 'C:\Git\web-api-onion-architecture\Onion.Architecture\OA.UI\bin\Debug\net5.0\hostfxr.dll'
[aspnetcorev2_inprocess.dll] hostfxr.dll found app local at 'C:\Git\web-api-onion-architecture\Onion.Architecture\OA.UI\bin\Debug\net5.0\hostfxr.dll', treating application as portable with launcher
[aspnetcorev2_inprocess.dll] Resolving absolute path to hostfxr.dll from 'C:\Program Files\dotnet\dotnet.exe'
[aspnetcorev2_inprocess.dll] hostfxr.dll located at 'C:\Program Files\dotnet\host\fxr\5.0.13\hostfxr.dll'
[aspnetcorev2_inprocess.dll] Parsed hostfxr options: dotnet location: 'C:\Program Files\dotnet\dotnet.exe' hostfxr path: 'C:\Program Files\dotnet\host\fxr\5.0.13\hostfxr.dll' arguments:
[aspnetcorev2_inprocess.dll] Argument[0] = 'C:\Program Files\dotnet\dotnet.exe'
[aspnetcorev2_inprocess.dll] Argument[1] = 'C:\Git\web-api-onion-architecture\Onion.Architecture\OA.UI\bin\Debug\net5.0\OA.UI.dll'
[aspnetcorev2_inprocess.dll] Setting environment variable ASPNETCORE_ENVIRONMENT=Development
[aspnetcorev2_inprocess.dll] Setting environment variable ASPNETCORE_IIS_HTTPAUTH=anonymous;
[aspnetcorev2_inprocess.dll] Setting environment variable ASPNETCORE_IIS_PHYSICAL_PATH=C:\Git\web-api-onion-architecture\Onion.Architecture\OA.UI\
[aspnetcorev2_inprocess.dll] Setting environment variable WEBCONNECTION_DETAILEDERRORS=1
[aspnetcorev2_inprocess.dll] Setting environment variable WEBCONNECTION_OPENBROWSER=False
[aspnetcorev2_inprocess.dll] Setting environment variable WEBCONNECTION_SHOWURLS=False
[aspnetcorev2_inprocess.dll] Setting environment variable WEBCONNECTION_USELIVERELOAD=False
[aspnetcorev2_inprocess.dll] Loading hostfxr from location C:\Program Files\dotnet\host\fxr\5.0.13\hostfxr.dll
[aspnetcorev2_inprocess.dll] Initial Dll directory: 'C:\Program Files\IIS Express', current directory: 'C:\Program Files\IIS Express'
[aspnetcorev2_inprocess.dll] Setting current directory to C:\Git\web-api-onion-architecture\Onion.Architecture\OA.UI\
[aspnetcorev2_inprocess.dll] In-process callbacks set
[aspnetcorev2_inprocess.dll] Event Log: 'Application 'C:\Git\web-api-onion-architecture\Onion.Architecture\OA.UI\' started successfully.' 
End Event Log Message.
[aspnetcorev2_inprocess.dll] Starting app_offline monitoring in application 'C:\Git\web-api-onion-architecture\Onion.Architecture\OA.UI\'
[aspnetcorev2_inprocess.dll] Adding request. Total Request Count 1
[aspnetcorev2_inprocess.dll] Starting file watcher thread
[aspnetcorev2_inprocess.dll] Adding request. Total Request Count 2
[aspnetcorev2_inprocess.dll] Adding request. Total Request Count 3
[aspnetcorev2_inprocess.dll] Adding request. Total Request Count 4
[aspnetcorev2_inprocess.dll] Adding request. Total Request Count 5
[aspnetcorev2_inprocess.dll] Removing Request 4
[aspnetcorev2_inprocess.dll] Adding request. Total Request Count 5
[aspnetcorev2_inprocess.dll] Removing Request 4
[aspnetcorev2_inprocess.dll] Removing Request 3
[aspnetcorev2_inprocess.dll] Removing Request 2
[aspnetcorev2_inprocess.dll] Removing Request 1
[aspnetcorev2_inprocess.dll] Removing Request 0
[aspnetcorev2_inprocess.dll] Adding request. Total Request Count 1
[aspnetcorev2_inprocess.dll] Removing Request 0
[aspnetcorev2_inprocess.dll] Adding request. Total Request Count 1
[aspnetcorev2_inprocess.dll] Removing Request 0
[2022-01-16T15:45:33.892Z, PID: 13712] [aspnetcorev2.dll] Initializing logs for 'C:\Program Files\IIS Express\Asp.Net Core Module\V2\aspnetcorev2.dll'. Process Id: 13712. File Version: 16.0.21322.1. Description: IIS ASP.NET Core Module V2. Commit: 4e7d976438b0fc17f435804e801d5d68d193ec33.
[2022-01-16T15:45:33.895Z, PID: 13712] [aspnetcorev2.dll] Resolving hostfxr parameters for application: 'C:\Git\web-api-onion-architecture\Onion.Architecture\OA.UI\bin\Debug\net5.0\OA.UI.exe' arguments: '' path: 'C:\Git\web-api-onion-architecture\Onion.Architecture\OA.UI\'
[2022-01-16T15:45:33.896Z, PID: 13712] [aspnetcorev2.dll] Known dotnet.exe location: ''
[2022-01-16T15:45:33.897Z, PID: 13712] [aspnetcorev2.dll] Process path 'C:\Git\web-api-onion-architecture\Onion.Architecture\OA.UI\bin\Debug\net5.0\OA.UI.exe' is not dotnet, treating application as standalone or portable with bootstrapper
[2022-01-16T15:45:33.899Z, PID: 13712] [aspnetcorev2.dll] Checking application.dll at 'C:\Git\web-api-onion-architecture\Onion.Architecture\OA.UI\bin\Debug\net5.0\OA.UI.dll'
[2022-01-16T15:45:33.900Z, PID: 13712] [aspnetcorev2.dll] Checking hostfxr.dll at 'C:\Git\web-api-onion-architecture\Onion.Architecture\OA.UI\bin\Debug\net5.0\hostfxr.dll'
[2022-01-16T15:45:33.902Z, PID: 13712] [aspnetcorev2.dll] hostfxr.dll not found at 'C:\Git\web-api-onion-architecture\Onion.Architecture\OA.UI\bin\Debug\net5.0\hostfxr.dll', treating application as portable with launcher
[2022-01-16T15:45:33.904Z, PID: 13712] [aspnetcorev2.dll] Resolving absolute path to dotnet.exe from 'dotnet'
[2022-01-16T15:45:33.905Z, PID: 13712] [aspnetcorev2.dll] Invoking where.exe to find dotnet.exe
[2022-01-16T15:45:34.349Z, PID: 13712] [aspnetcorev2.dll] where.exe invocation returned: 'C:\Program Files\dotnet\dotnet.exe
'
[2022-01-16T15:45:34.351Z, PID: 13712] [aspnetcorev2.dll] Current process bitness type detected as isX64=1
[2022-01-16T15:45:34.352Z, PID: 13712] [aspnetcorev2.dll] Processing entry 'C:\Program Files\dotnet\dotnet.exe'
[2022-01-16T15:45:34.354Z, PID: 13712] [aspnetcorev2.dll] Binary type 6
[2022-01-16T15:45:34.355Z, PID: 13712] [aspnetcorev2.dll] Found dotnet.exe via where.exe invocation at 'C:\Program Files\dotnet\dotnet.exe'
[2022-01-16T15:45:34.356Z, PID: 13712] [aspnetcorev2.dll] Resolving absolute path to hostfxr.dll from 'C:\Program Files\dotnet\dotnet.exe'
[2022-01-16T15:45:34.358Z, PID: 13712] [aspnetcorev2.dll] hostfxr.dll located at 'C:\Program Files\dotnet\host\fxr\5.0.13\hostfxr.dll'
[2022-01-16T15:45:34.360Z, PID: 13712] [aspnetcorev2.dll] Parsed hostfxr options: dotnet location: 'C:\Program Files\dotnet\dotnet.exe' hostfxr path: 'C:\Program Files\dotnet\host\fxr\5.0.13\hostfxr.dll' arguments:
[2022-01-16T15:45:34.361Z, PID: 13712] [aspnetcorev2.dll] Argument[0] = 'C:\Program Files\dotnet\dotnet.exe'
[2022-01-16T15:45:34.362Z, PID: 13712] [aspnetcorev2.dll] Argument[1] = 'C:\Git\web-api-onion-architecture\Onion.Architecture\OA.UI\bin\Debug\net5.0\OA.UI.dll'
[2022-01-16T15:45:34.363Z, PID: 13712] [aspnetcorev2.dll] Loading hostfxr from location C:\Program Files\dotnet\host\fxr\5.0.13\hostfxr.dll
[2022-01-16T15:45:34.475Z, PID: 13712] [aspnetcorev2.dll] Canceling standard stream pipe reader
[2022-01-16T15:45:34.478Z, PID: 13712] [aspnetcorev2.dll] Loading request handler:  'C:\Program Files\dotnet\shared\Microsoft.AspNetCore.App\5.0.13\aspnetcorev2_inprocess.dll'
[2022-01-16T15:45:34.481Z, PID: 13712] [aspnetcorev2.dll] Creating handler application
[aspnetcorev2_inprocess.dll] Initializing logs for 'C:\Program Files\dotnet\shared\Microsoft.AspNetCore.App\5.0.13\aspnetcorev2_inprocess.dll'. Process Id: 13712.. File Version: 15.0.21326.13. Description: IIS ASP.NET Core Module V2 Request Handler. Commit: 55738ff96b832439076e25584cfe0eb3bace9b01.
[aspnetcorev2_inprocess.dll] Waiting for initialization
[aspnetcorev2_inprocess.dll] Starting in-process worker thread
[aspnetcorev2_inprocess.dll] Resolving hostfxr parameters for application: 'C:\Git\web-api-onion-architecture\Onion.Architecture\OA.UI\bin\Debug\net5.0\OA.UI.exe' arguments: '' path: 'C:\Git\web-api-onion-architecture\Onion.Architecture\OA.UI\'
[aspnetcorev2_inprocess.dll] Known dotnet.exe location: 'C:\Program Files\dotnet\dotnet.exe'
[aspnetcorev2_inprocess.dll] Process path 'C:\Git\web-api-onion-architecture\Onion.Architecture\OA.UI\bin\Debug\net5.0\OA.UI.exe' is not dotnet, treating application as standalone or portable with bootstrapper
[aspnetcorev2_inprocess.dll] Checking application.dll at 'C:\Git\web-api-onion-architecture\Onion.Architecture\OA.UI\bin\Debug\net5.0\OA.UI.dll'
[aspnetcorev2_inprocess.dll] Checking hostfxr.dll at 'C:\Git\web-api-onion-architecture\Onion.Architecture\OA.UI\bin\Debug\net5.0\hostfxr.dll'
[aspnetcorev2_inprocess.dll] hostfxr.dll found app local at 'C:\Git\web-api-onion-architecture\Onion.Architecture\OA.UI\bin\Debug\net5.0\hostfxr.dll', treating application as portable with launcher
[aspnetcorev2_inprocess.dll] Resolving absolute path to hostfxr.dll from 'C:\Program Files\dotnet\dotnet.exe'
[aspnetcorev2_inprocess.dll] hostfxr.dll located at 'C:\Program Files\dotnet\host\fxr\5.0.13\hostfxr.dll'
[aspnetcorev2_inprocess.dll] Parsed hostfxr options: dotnet location: 'C:\Program Files\dotnet\dotnet.exe' hostfxr path: 'C:\Program Files\dotnet\host\fxr\5.0.13\hostfxr.dll' arguments:
[aspnetcorev2_inprocess.dll] Argument[0] = 'C:\Program Files\dotnet\dotnet.exe'
[aspnetcorev2_inprocess.dll] Argument[1] = 'C:\Git\web-api-onion-architecture\Onion.Architecture\OA.UI\bin\Debug\net5.0\OA.UI.dll'
[aspnetcorev2_inprocess.dll] Setting environment variable ASPNETCORE_ENVIRONMENT=Development
[aspnetcorev2_inprocess.dll] Setting environment variable ASPNETCORE_IIS_HTTPAUTH=anonymous;
[aspnetcorev2_inprocess.dll] Setting environment variable ASPNETCORE_IIS_PHYSICAL_PATH=C:\Git\web-api-onion-architecture\Onion.Architecture\OA.UI\
[aspnetcorev2_inprocess.dll] Setting environment variable WEBCONNECTION_DETAILEDERRORS=1
[aspnetcorev2_inprocess.dll] Setting environment variable WEBCONNECTION_OPENBROWSER=False
[aspnetcorev2_inprocess.dll] Setting environment variable WEBCONNECTION_SHOWURLS=False
[aspnetcorev2_inprocess.dll] Setting environment variable WEBCONNECTION_USELIVERELOAD=False
[aspnetcorev2_inprocess.dll] Loading hostfxr from location C:\Program Files\dotnet\host\fxr\5.0.13\hostfxr.dll
[aspnetcorev2_inprocess.dll] Initial Dll directory: 'C:\Program Files\IIS Express', current directory: 'C:\Program Files\IIS Express'
[aspnetcorev2_inprocess.dll] Setting current directory to C:\Git\web-api-onion-architecture\Onion.Architecture\OA.UI\
[aspnetcorev2_inprocess.dll] In-process callbacks set
[aspnetcorev2_inprocess.dll] Event Log: 'Application 'C:\Git\web-api-onion-architecture\Onion.Architecture\OA.UI\' started successfully.' 
End Event Log Message.
[aspnetcorev2_inprocess.dll] Starting app_offline monitoring in application 'C:\Git\web-api-onion-architecture\Onion.Architecture\OA.UI\'
[aspnetcorev2_inprocess.dll] Adding request. Total Request Count 1
[aspnetcorev2_inprocess.dll] Starting file watcher thread
[aspnetcorev2_inprocess.dll] Removing Request 0
