info: Microsoft.Hosting.Lifetime[0]
      Application started. Press Ctrl+C to shut down.
info: Microsoft.Hosting.Lifetime[0]
      Hosting environment: Development
info: Microsoft.Hosting.Lifetime[0]
      Content root path: C:\Users\Denis\Desktop\Software Development\DDD Architecture\Onion.Architecture\OA.Api
info: Microsoft.AspNetCore.Hosting.Diagnostics[1]
      Request starting HTTP/2 GET https://localhost:44337/swagger/index.html - -
info: Microsoft.AspNetCore.Hosting.Diagnostics[2]
      Request finished HTTP/2 GET https://localhost:44337/swagger/index.html - - - 200 - text/html;charset=utf-8 546.4429ms
info: Microsoft.AspNetCore.Hosting.Diagnostics[1]
      Request starting HTTP/2 GET https://localhost:44337/swagger/v1/swagger.json - -
info: Microsoft.AspNetCore.Hosting.Diagnostics[2]
      Request finished HTTP/2 GET https://localhost:44337/swagger/v1/swagger.json - - - 200 - application/json;charset=utf-8 794.8844ms
info: Microsoft.AspNetCore.Hosting.Diagnostics[1]
      Request starting HTTP/2 GET https://localhost:44337/api/Customer/GetById/1 - -
info: Microsoft.AspNetCore.Routing.EndpointMiddleware[0]
      Executing endpoint 'OA.Api.Controllers.CustomerController.GetById (OA.Api)'
info: Microsoft.AspNetCore.Mvc.Infrastructure.ControllerActionInvoker[3]
      Route matched with {action = "GetById", controller = "Customer"}. Executing controller action with signature System.Threading.Tasks.Task`1[Microsoft.AspNetCore.Mvc.IActionResult] GetById(Int32) on controller OA.Api.Controllers.CustomerController (OA.Api).
info: Microsoft.EntityFrameworkCore.Infrastructure[10403]
      Entity Framework Core 5.0.0 initialized 'OADbContext' using provider 'Microsoft.EntityFrameworkCore.SqlServer' with options: MigrationsAssembly=OA.Persistance, Version=1.0.0.0, Culture=neutral, PublicKeyToken=null 
Security Warning: The negotiated TLS 1.0 is an insecure protocol and is supported for backward compatibility only. The recommended protocol version is TLS 1.2 and later.
info: Microsoft.EntityFrameworkCore.Database.Command[20101]
      Executed DbCommand (67ms) [Parameters=[@__p_0='?' (DbType = Int32)], CommandType='Text', CommandTimeout='30']
      SELECT TOP(1) [c].[Id], [c].[FirstName], [c].[LastName]
      FROM [Customer] AS [c]
      WHERE [c].[Id] = @__p_0
info: Microsoft.AspNetCore.Mvc.Infrastructure.ObjectResultExecutor[1]
      Executing OkObjectResult, writing value of type 'OA.Data.Customer'.
info: Microsoft.AspNetCore.Mvc.Infrastructure.ControllerActionInvoker[2]
      Executed action OA.Api.Controllers.CustomerController.GetById (OA.Api) in 2407.0237ms
info: Microsoft.AspNetCore.Routing.EndpointMiddleware[1]
      Executed endpoint 'OA.Api.Controllers.CustomerController.GetById (OA.Api)'
info: Microsoft.AspNetCore.Hosting.Diagnostics[2]
      Request finished HTTP/2 GET https://localhost:44337/api/Customer/GetById/1 - - - 200 - application/json;+charset=utf-8 2576.7128ms
info: Microsoft.AspNetCore.Hosting.Diagnostics[1]
      Request starting HTTP/2 GET https://localhost:44337/api/Customer/GetById/123 - -
info: Microsoft.AspNetCore.Routing.EndpointMiddleware[0]
      Executing endpoint 'OA.Api.Controllers.CustomerController.GetById (OA.Api)'
info: Microsoft.AspNetCore.Mvc.Infrastructure.ControllerActionInvoker[3]
      Route matched with {action = "GetById", controller = "Customer"}. Executing controller action with signature System.Threading.Tasks.Task`1[Microsoft.AspNetCore.Mvc.IActionResult] GetById(Int32) on controller OA.Api.Controllers.CustomerController (OA.Api).
info: Microsoft.EntityFrameworkCore.Infrastructure[10403]
      Entity Framework Core 5.0.0 initialized 'OADbContext' using provider 'Microsoft.EntityFrameworkCore.SqlServer' with options: MigrationsAssembly=OA.Persistance, Version=1.0.0.0, Culture=neutral, PublicKeyToken=null 
info: Microsoft.EntityFrameworkCore.Database.Command[20101]
      Executed DbCommand (4ms) [Parameters=[@__p_0='?' (DbType = Int32)], CommandType='Text', CommandTimeout='30']
      SELECT TOP(1) [c].[Id], [c].[FirstName], [c].[LastName]
      FROM [Customer] AS [c]
      WHERE [c].[Id] = @__p_0
info: Microsoft.AspNetCore.Mvc.Infrastructure.ObjectResultExecutor[1]
      Executing ObjectResult, writing value of type 'Microsoft.AspNetCore.Mvc.ProblemDetails'.
info: Microsoft.AspNetCore.Mvc.Infrastructure.ControllerActionInvoker[2]
      Executed action OA.Api.Controllers.CustomerController.GetById (OA.Api) in 72.8861ms
info: Microsoft.AspNetCore.Routing.EndpointMiddleware[1]
      Executed endpoint 'OA.Api.Controllers.CustomerController.GetById (OA.Api)'
info: Microsoft.AspNetCore.Hosting.Diagnostics[2]
      Request finished HTTP/2 GET https://localhost:44337/api/Customer/GetById/123 - - - 404 - application/problem+json;+charset=utf-8 87.9262ms
info: Microsoft.AspNetCore.Hosting.Diagnostics[1]
      Request starting HTTP/2 POST https://localhost:44337/api/Customer application/json 61
info: Microsoft.AspNetCore.Routing.EndpointMiddleware[0]
      Executing endpoint 'OA.Api.Controllers.CustomerController.Post (OA.Api)'
info: Microsoft.AspNetCore.Mvc.Infrastructure.ControllerActionInvoker[3]
      Route matched with {action = "Post", controller = "Customer"}. Executing controller action with signature System.Threading.Tasks.Task`1[Microsoft.AspNetCore.Mvc.IActionResult] Post(OA.Data.Customer) on controller OA.Api.Controllers.CustomerController (OA.Api).
info: Microsoft.EntityFrameworkCore.Infrastructure[10403]
      Entity Framework Core 5.0.0 initialized 'OADbContext' using provider 'Microsoft.EntityFrameworkCore.SqlServer' with options: MigrationsAssembly=OA.Persistance, Version=1.0.0.0, Culture=neutral, PublicKeyToken=null 
info: Microsoft.EntityFrameworkCore.Database.Command[20101]
      Executed DbCommand (11ms) [Parameters=[@p0='?' (Size = 4000), @p1='?' (Size = 4000)], CommandType='Text', CommandTimeout='30']
      SET NOCOUNT ON;
      INSERT INTO [Customer] ([FirstName], [LastName])
      VALUES (@p0, @p1);
      SELECT [Id]
      FROM [Customer]
      WHERE @@ROWCOUNT = 1 AND [Id] = scope_identity();
info: Microsoft.AspNetCore.Mvc.Infrastructure.ObjectResultExecutor[1]
      Executing CreatedResult, writing value of type 'System.Int32'.
info: Microsoft.AspNetCore.Mvc.Infrastructure.ControllerActionInvoker[2]
      Executed action OA.Api.Controllers.CustomerController.Post (OA.Api) in 304.5943ms
info: Microsoft.AspNetCore.Routing.EndpointMiddleware[1]
      Executed endpoint 'OA.Api.Controllers.CustomerController.Post (OA.Api)'
info: Microsoft.AspNetCore.Hosting.Diagnostics[2]
      Request finished HTTP/2 POST https://localhost:44337/api/Customer application/json 61 - 201 - application/json;+charset=utf-8 349.6747ms
info: Microsoft.AspNetCore.Hosting.Diagnostics[1]
      Request starting HTTP/2 GET https://localhost:44337/api/Customer/GetById/6 - -
info: Microsoft.AspNetCore.Routing.EndpointMiddleware[0]
      Executing endpoint 'OA.Api.Controllers.CustomerController.GetById (OA.Api)'
info: Microsoft.AspNetCore.Mvc.Infrastructure.ControllerActionInvoker[3]
      Route matched with {action = "GetById", controller = "Customer"}. Executing controller action with signature System.Threading.Tasks.Task`1[Microsoft.AspNetCore.Mvc.IActionResult] GetById(Int32) on controller OA.Api.Controllers.CustomerController (OA.Api).
info: Microsoft.EntityFrameworkCore.Infrastructure[10403]
      Entity Framework Core 5.0.0 initialized 'OADbContext' using provider 'Microsoft.EntityFrameworkCore.SqlServer' with options: MigrationsAssembly=OA.Persistance, Version=1.0.0.0, Culture=neutral, PublicKeyToken=null 
info: Microsoft.EntityFrameworkCore.Database.Command[20101]
      Executed DbCommand (6ms) [Parameters=[@__p_0='?' (DbType = Int32)], CommandType='Text', CommandTimeout='30']
      SELECT TOP(1) [c].[Id], [c].[FirstName], [c].[LastName]
      FROM [Customer] AS [c]
      WHERE [c].[Id] = @__p_0
info: Microsoft.AspNetCore.Mvc.Infrastructure.ObjectResultExecutor[1]
      Executing OkObjectResult, writing value of type 'OA.Data.Customer'.
info: Microsoft.AspNetCore.Mvc.Infrastructure.ControllerActionInvoker[2]
      Executed action OA.Api.Controllers.CustomerController.GetById (OA.Api) in 21.2103ms
info: Mic