Hosting environment: Development
Content root path: C:\Users\Denis\Desktop\Software Development\DDD Architecture\Onion.Architecture\OA.Api
Application started. Press Ctrl+C to shut down.
info: Microsoft.AspNetCore.Hosting.Diagnostics[1]
      Request starting HTTP/2 GET https://localhost:44337/swagger - -
info: Microsoft.AspNetCore.Hosting.Diagnostics[2]
      Request finished HTTP/2 GET https://localhost:44337/swagger - - - 404 - - 165.0695ms
info: Microsoft.AspNetCore.Hosting.Diagnostics[1]
      Request starting HTTP/2 GET https://localhost:44337/api/customer - -
info: Microsoft.AspNetCore.Routing.EndpointMiddleware[0]
      Executing endpoint 'OA.Api.Controllers.CustomerController.Get (OA.Api)'
info: Microsoft.AspNetCore.Mvc.Infrastructure.ControllerActionInvoker[3]
      Route matched with {action = "Get", controller = "Customer"}. Executing controller action with signature System.Threading.Tasks.Task`1[Microsoft.AspNetCore.Mvc.IActionResult] Get() on controller OA.Api.Controllers.CustomerController (OA.Api).
info: Microsoft.EntityFrameworkCore.Infrastructure[10403]
      Entity Framework Core 5.0.0 initialized 'OADbContext' using provider 'Microsoft.EntityFrameworkCore.SqlServer' with options: MigrationsAssembly=OA.Persistance, Version=1.0.0.0, Culture=neutral, PublicKeyToken=null 
Security Warning: The negotiated TLS 1.0 is an insecure protocol and is supported for backward compatibility only. The recommended protocol version is TLS 1.2 and later.
info: Microsoft.EntityFrameworkCore.Database.Command[20101]
      Executed DbCommand (43ms) [Parameters=[], CommandType='Text', CommandTimeout='30']
      SELECT [c].[Id], [c].[FirstName], [c].[LastName]
      FROM [Customer] AS [c]
info: Microsoft.AspNetCore.Mvc.Infrastructure.ObjectResultExecutor[1]
      Executing OkObjectResult, writing value of type 'System.Collections.Generic.List`1[[OA.Data.Customer, OA.Data, Version=1.0.0.0, Culture=neutral, PublicKeyToken=null]]'.
info: Microsoft.AspNetCore.Mvc.Infrastructure.ControllerActionInvoker[2]
      Executed action OA.Api.Controllers.CustomerController.Get (OA.Api) in 2698.9969ms
info: Microsoft.AspNetCore.Routing.EndpointMiddleware[1]
      Executed endpoint 'OA.Api.Controllers.CustomerController.Get (OA.Api)'
info: Microsoft.AspNetCore.Hosting.Diagnostics[2]
      Request finished HTTP/2 GET https://localhost:44337/api/customer - - - 200 - application/json;+charset=utf-8 2807.8441ms
info: Microsoft.AspNetCore.Hosting.Diagnostics[1]
      Request starting HTTP/2 GET https://localhost:44337/favicon.ico - -
info: Microsoft.AspNetCore.Hosting.Diagnostics[2]
      Request finished HTTP/2 GET https://localhost:44337/favicon.ico - - - 404 - - 29.4995ms
info: Microsoft.AspNetCore.Hosting.Diagnostics[1]
      Request starting HTTP/2 GET https://localhost:44337/api/customer/getcustomer/5 - -
info: Microsoft.AspNetCore.Hosting.Diagnostics[2]
      Request finished HTTP/2 GET https://localhost:44337/api/customer/getcustomer/5 - - - 404 - - 9.5480ms
info: Microsoft.AspNetCore.Hosting.Diagnostics[1]
      Request starting HTTP/2 GET https://localhost:44337/api/customer/getcustomerbyid/5 - -
info: Microsoft.AspNetCore.Hosting.Diagnostics[2]
      Request finished HTTP/2 GET https://localhost:44337/api/customer/getcustomerbyid/5 - - - 404 - - 8.4347ms
info: Microsoft.AspNetCore.Hosting.Diagnostics[1]
      Request starting HTTP/2 GET https://localhost:44337/api/customer/GetById/5 - -
info: Microsoft.AspNetCore.Routing.EndpointMiddleware[0]
      Executing endpoint 'OA.Api.Controllers.CustomerController.GetById (OA.Api)'
info: Microsoft.AspNetCore.Mvc.Infrastructure.ControllerActionInvoker[3]
      Route matched with {action = "GetById", controller = "Customer"}. Executing controller action with signature System.Threading.Tasks.Task`1[Microsoft.AspNetCore.Mvc.IActionResult] GetById(Int32) on controller OA.Api.Controllers.CustomerController (OA.Api).
info: Microsoft.EntityFrameworkCore.Infrastructure[10403]
      Entity Framework Core 5.0.0 initialized 'OADbContext' using provider 'Microsoft.EntityFrameworkCore.SqlServer' with options: